{
  "stats": {
    "suites": 1,
    "tests": 4,
    "passes": 4,
    "pending": 0,
    "failures": 0,
    "start": "2024-08-19T13:44:33.849Z",
    "end": "2024-08-19T13:44:36.324Z",
    "duration": 2475,
    "testsRegistered": 4,
    "passPercent": 100,
    "pendingPercent": 0,
    "other": 0,
    "hasOther": false,
    "skipped": 0,
    "hasSkipped": false
  },
  "results": [
    {
      "uuid": "af646367-be60-41ae-8afb-664690b0a3bd",
      "title": "",
      "fullFile": "D:\\Bootcamp QA Enginner\\Pert7-Muhammad-Arie-Ramadhan\\test\\test-satu.js",
      "file": "\\test\\test-satu.js",
      "beforeHooks": [],
      "afterHooks": [],
      "tests": [],
      "suites": [
        {
          "uuid": "be049b8b-3a9e-4955-b94f-860368452295",
          "title": "API Test for \"reqres.in\"",
          "fullFile": "D:\\Bootcamp QA Enginner\\Pert7-Muhammad-Arie-Ramadhan\\test\\test-satu.js",
          "file": "\\test\\test-satu.js",
          "beforeHooks": [],
          "afterHooks": [],
          "tests": [
            {
              "title": "GET USER",
              "fullTitle": "API Test for \"reqres.in\" GET USER",
              "timedOut": false,
              "duration": 592,
              "state": "passed",
              "speed": "slow",
              "pass": true,
              "fail": false,
              "pending": false,
              "context": null,
              "code": "const response = await request (\"https://reqres.in/api/\").get(\"users/2\")\nassert.equal(response.statusCode, 200)\nassert.equal(response.body.data.first_name, \"Janet\");\nconsole.log(response.statusCode);\nconsole.log(response.body)\nconst schemaPath = \"resource/jsonSchema/get-schema.json\"\nconst jsonSchema = JSON.parse(fs.readFileSync(schemaPath, 'utf8'))\nassert.jsonSchema(response.body, jsonSchema)",
              "err": {},
              "uuid": "0c97329e-8981-4f4a-8a2c-c7edf1f68a6e",
              "parentUUID": "be049b8b-3a9e-4955-b94f-860368452295",
              "isHook": false,
              "skipped": false
            },
            {
              "title": "POST USER",
              "fullTitle": "API Test for \"reqres.in\" POST USER",
              "timedOut": false,
              "duration": 528,
              "state": "passed",
              "speed": "slow",
              "pass": true,
              "fail": false,
              "pending": false,
              "context": null,
              "code": "const response = await request (\"https://reqres.in/api/\").post(\"users\")\n.send({\n    \"data\": {\n        \"email\": \"akun.baru@reqres.in\",\n        \"first_name\": \"akun\",\n        \"last_name\": \"baru\",\n        \"avatar\": \"https://reqres.in/img/faces/2-image.jpg\"\n    }\n})\nassert.equal(response.statusCode, 201)\nassert.equal(response.body.data.first_name, \"akun\");\nconsole.log(response.statusCode);\nconsole.log(response.body)\nconst schemaPath = \"resource/jsonSchema/post-schema.json\"\nconst jsonSchema = JSON.parse(fs.readFileSync(schemaPath, 'utf8'))\nassert.jsonSchema(response.body, jsonSchema)",
              "err": {},
              "uuid": "e5ea6fd4-750d-4caa-a338-3056deeebb39",
              "parentUUID": "be049b8b-3a9e-4955-b94f-860368452295",
              "isHook": false,
              "skipped": false
            },
            {
              "title": "PUT USER",
              "fullTitle": "API Test for \"reqres.in\" PUT USER",
              "timedOut": false,
              "duration": 516,
              "state": "passed",
              "speed": "slow",
              "pass": true,
              "fail": false,
              "pending": false,
              "context": null,
              "code": "const response = await request (\"https://reqres.in/api/\").put(\"users/2\")\n.send ({\n    \"name\": \"morpheus\",\n    \"job\": \"zion resident\"\n})\nconsole.log(response.statusCode);\nconsole.log(response.body)\nconst schemaPath = \"resource/jsonSchema/put-schema.json\"\nconst jsonSchema = JSON.parse(fs.readFileSync(schemaPath, 'utf8'))\nassert.jsonSchema(response.body, jsonSchema)\nassert.equal(response.statusCode, 200)\nassert.equal(response.body.name, \"morpheus\");",
              "err": {},
              "uuid": "7bc8c8dc-c655-43c9-9e57-05a0a7be6860",
              "parentUUID": "be049b8b-3a9e-4955-b94f-860368452295",
              "isHook": false,
              "skipped": false
            },
            {
              "title": "DELETE USER",
              "fullTitle": "API Test for \"reqres.in\" DELETE USER",
              "timedOut": false,
              "duration": 808,
              "state": "passed",
              "speed": "slow",
              "pass": true,
              "fail": false,
              "pending": false,
              "context": null,
              "code": "const response = await request (\"https://reqres.in/api/\").delete(\"users/2\")\n\nassert.equal(response.statusCode, 204)\nconsole.log(response.statusCode);\nconsole.log(response.body)",
              "err": {},
              "uuid": "f705068e-e2ab-43ab-98ad-444870c8f34f",
              "parentUUID": "be049b8b-3a9e-4955-b94f-860368452295",
              "isHook": false,
              "skipped": false
            }
          ],
          "suites": [],
          "passes": [
            "0c97329e-8981-4f4a-8a2c-c7edf1f68a6e",
            "e5ea6fd4-750d-4caa-a338-3056deeebb39",
            "7bc8c8dc-c655-43c9-9e57-05a0a7be6860",
            "f705068e-e2ab-43ab-98ad-444870c8f34f"
          ],
          "failures": [],
          "pending": [],
          "skipped": [],
          "duration": 2444,
          "root": false,
          "rootEmpty": false,
          "_timeout": 2000
        }
      ],
      "passes": [],
      "failures": [],
      "pending": [],
      "skipped": [],
      "duration": 0,
      "root": true,
      "rootEmpty": true,
      "_timeout": 2000
    }
  ],
  "meta": {
    "mocha": {
      "version": "10.7.3"
    },
    "mochawesome": {
      "options": {
        "quiet": false,
        "reportFilename": "mochawesome",
        "saveHtml": true,
        "saveJson": true,
        "consoleReporter": "spec",
        "useInlineDiffs": false,
        "code": true
      },
      "version": "7.1.3"
    },
    "marge": {
      "options": null,
      "version": "6.2.0"
    }
  }
}